#
# A fatal error has been detected by the Java Runtime Environment:
#
#  EXCEPTION_ACCESS_VIOLATION (0xc0000005) at pc=0x00000217ec2f0fa4, pid=11576, tid=7588
#
# JRE version: OpenJDK Runtime Environment Temurin-21.0.4+7 (21.0.4+7) (build 21.0.4+7-LTS)
# Java VM: OpenJDK 64-Bit Server VM Temurin-21.0.4+7 (21.0.4+7-LTS, mixed mode, emulated-client, tiered, compressed oops, compressed class ptrs, g1 gc, windows-amd64)
# Problematic frame:
# v  ~BufferBlob::MethodHandles adapters 0x00000217ec2f0fa4
#
# No core dump will be written. Minidumps are not enabled by default on client versions of Windows
#
# If you would like to submit a bug report, please visit:
#   https://github.com/adoptium/adoptium-support/issues
#

---------------  S U M M A R Y ------------

Command Line: -XX:+ShowCodeDetailsInExceptionMessages -agentlib:jdwp=transport=dt_socket,suspend=y,address=localhost:62705 -Dcom.sun.management.jmxremote -Dcom.sun.management.jmxremote.port=62704 -Dcom.sun.management.jmxremote.authenticate=false -Dcom.sun.management.jmxremote.ssl=false -Djava.rmi.server.hostname=localhost -Dspring.jmx.enabled=true -Dmanagement.endpoints.jmx.exposure.include=* -Dspring.application.admin.enabled=true -XX:TieredStopAtLevel=1 -Dspring.boot.project.name=gamepiece_gamepiece -javaagent:D:\gamepiece\sts-4.26.0.RELEASE\configuration\org.eclipse.osgi\271\0\.cp\lib\javaagent-shaded.jar -Dfile.encoding=UTF-8 -Dstdout.encoding=UTF-8 -Dstderr.encoding=UTF-8 gamepiece.GamepieceApplication --spring.output.ansi.enabled=always

Host: Intel(R) Core(TM) i5-10400 CPU @ 2.90GHz, 12 cores, 15G,  Windows 10 , 64 bit Build 19041 (10.0.19041.5198)
Time: Fri Jan  3 12:15:35 2025  Windows 10 , 64 bit Build 19041 (10.0.19041.5198) elapsed time: 52.368625 seconds (0d 0h 0m 52s)

---------------  T H R E A D  ---------------

Current thread (0x00000217fe34a410):  JavaThread "http-nio-80-exec-6" daemon [_thread_in_Java, id=7588, stack(0x0000008091f00000,0x0000008092000000) (1024K)]

Stack: [0x0000008091f00000,0x0000008092000000],  sp=0x0000008091ffd118,  free space=1012k
Native frames: (J=compiled Java code, j=interpreted, Vv=VM code, C=native code)
C  0x00000217ec2f0fa4

The last pc belongs to _linkToVirtual (printed below).

siginfo: EXCEPTION_ACCESS_VIOLATION (0xc0000005), reading address 0x00000008f9bf043e


Registers:
RAX=0x00000217ec2c958b, RBX=0x000000070522b2a0, RCX=0x0000008091ffd130, RDX=0x0000000000000004
RSP=0x0000008091ffd118, RBP=0x0000008091ffd178, RSI=0x00000217fe129b58, RDI=0x00000217fe674850
R8 =0x0000000000000004, R9 =0x0000000000000004, R10=0x00000008f9bf0276, R11=0x0000000000000000
R12=0x0000000000000000, R13=0x0000008091ffd118, R14=0x0000008091ffd1a8, R15=0x00000217fe34a410
RIP=0x00000217ec2f0fa4, EFLAGS=0x0000000000010202


Register to memory mapping:

RAX=0x00000217ec2c958b is at code_begin+4363 in an Interpreter codelet
return entry points  [0x00000217ec2c8480, 0x00000217ec2ca298]  7704 bytes
RBX=0x000000070522b2a0 is an oop: org.springframework.web.servlet.mvc.support.RedirectAttributesModelMap 
{0x000000070522b2a0} - klass: 'org/springframework/web/servlet/mvc/support/RedirectAttributesModelMap'
 - ---- fields (total size 9 words):
 - transient 'keySet' 'Ljava/util/Set;' @12  null (0x00000000)
 - transient 'values' 'Ljava/util/Collection;' @16  null (0x00000000)
 - transient 'size' 'I' @20  0 (0x00000000)
 - transient 'modCount' 'I' @24  0 (0x00000000)
 - 'threshold' 'I' @28  0 (0x00000000)
 - final 'loadFactor' 'F' @32  0.750000 (0x3f400000)
 - transient 'table' '[Ljava/util/HashMap$Node;' @36  null (0x00000000)
 - transient 'entrySet' 'Ljava/util/Set;' @40  a 'java/util/LinkedHashMap$LinkedEntrySet'{0x0000000705192270} (0xe0a3244e)
 - transient 'putMode' 'I' @44  0 (0x00000000)
 - final 'accessOrder' 'Z' @48  false (0x00)
 - transient 'head' 'Ljava/util/LinkedHashMap$Entry;' @52  null (0x00000000)
 - transient 'tail' 'Ljava/util/LinkedHashMap$Entry;' @56  null (0x00000000)
 - private final 'dataBinder' 'Lorg/springframework/validation/DataBinder;' @60  a 'org/springframework/web/servlet/mvc/method/annotation/ExtendedServletRequestDataBinder'{0x00000007051921d8} (0xe0a3243b)
 - private final 'flashAttributes' 'Lorg/springframework/ui/ModelMap;' @64  a 'org/springframework/ui/ModelMap'{0x0000000705192198} (0xe0a32433)
RCX=0x0000008091ffd130 is pointing into the stack for thread: 0x00000217fe34a410
RDX=0x0000000000000004 is an unknown value
RSP=0x0000008091ffd118 is pointing into the stack for thread: 0x00000217fe34a410
RBP=0x0000008091ffd178 is pointing into the stack for thread: 0x00000217fe34a410
RSI=0x00000217fe129b58 points into unknown readable memory: 0x88000fe359e4bbc1 | c1 bb e4 59 e3 0f 00 88
RDI=0x00000217fe674850 points into unknown readable memory: 0x0000002800000080 | 80 00 00 00 28 00 00 00
R8 =0x0000000000000004 is an unknown value
R9 =0x0000000000000004 is an unknown value
R10=0x00000008f9bf0276 is an unknown value
R11=0x0 is null
R12=0x0 is null
R13=0x0000008091ffd118 is pointing into the stack for thread: 0x00000217fe34a410
R14=0x0000008091ffd1a8 is pointing into the stack for thread: 0x00000217fe34a410
R15=0x00000217fe34a410 is a thread

Top of Stack: (sp=0x0000008091ffd118)
0x0000008091ffd118:   00000217ec2c958b 000000070522b250
0x0000008091ffd128:   00000007042adb08 0000008091ffd130
0x0000008091ffd138:   00000217f9bf0276 0000000000000006
0x0000008091ffd148:   00000217f9bf03c8 0000008091ffd218
0x0000008091ffd158:   0000000703203ae0 00000217f9bf0288
0x0000008091ffd168:   0000008091ffd118 0000008091ffd1b0
0x0000008091ffd178:   0000008091ffd218 00000217ec2c958b
0x0000008091ffd188:   000000070522b310 000000070522b2a0
0x0000008091ffd198:   000000070522b250 00000007042adb08
0x0000008091ffd1a8:   000000070522b2e8 0000000705c052a8
0x0000008091ffd1b8:   000000070611b9b8 00000007042adb08
0x0000008091ffd1c8:   0000000705c05660 0000008091ffd1d0
0x0000008091ffd1d8:   00000217fa32d301 000000000000000c
0x0000008091ffd1e8:   00000217fa32d450 0000000000000000
0x0000008091ffd1f8:   00000007036fa9b0 00000217fa32d310
0x0000008091ffd208:   0000008091ffd1b0 0000008091ffd280
0x0000008091ffd218:   0000008091ffd530 00000217ece346aa
0x0000008091ffd228:   000000070522b2e8 00000007042adb08
0x0000008091ffd238:   000000070522b3c0 000000070522b2a0
0x0000008091ffd248:   000000070522b398 000000070522b250
0x0000008091ffd258:   000000070522b370 000000070522b2a0
0x0000008091ffd268:   000000070522b250 00000007042adb08
0x0000008091ffd278:   000000070522b340 0000000000000000
0x0000008091ffd288:   00000007042c6218 0000000703d3eff0
0x0000008091ffd298:   0000000705c05ae8 0000000705c05ab8
0x0000008091ffd2a8:   0000000000000001 0000000703d3eff0
0x0000008091ffd2b8:   0000000704404820 00000007043587a8
0x0000008091ffd2c8:   0000000000000000 0000008091ffd530
0x0000008091ffd2d8:   00000217ec6ef36c 0000000000000000
0x0000008091ffd2e8:   0000000000000000 0000008091ffd530
0x0000008091ffd2f8:   00000217ed037674 0000000000000000
0x0000008091ffd308:   0000000000000000 0000000000000000 

Instructions: (pc=0x00000217ec2f0fa4)
0x00000217ec2f0ea4:   17 02 00 00 00 0f 2f ec 17 02 00 00 80 1f 2f ec
0x00000217ec2f0eb4:   17 02 00 00 f0 0e 2f ec 17 02 00 00 f0 0e 2f ec
0x00000217ec2f0ec4:   17 02 00 00 00 00 00 00 00 00 00 00 d8 26 f6 67
0x00000217ec2f0ed4:   ff 7f 00 00 f0 10 00 00 60 00 00 00 ff ff ff ff
0x00000217ec2f0ee4:   f0 10 00 00 00 00 00 00 00 00 00 00 00 00 00 00
0x00000217ec2f0ef4:   00 00 00 00 00 00 00 00 00 00 00 00 f4 66 66 66
0x00000217ec2f0f04:   0f 1f 84 00 00 00 00 00 66 66 66 90 66 66 66 0f
0x00000217ec2f0f14:   1f 84 00 00 00 00 00 66 66 66 90 90 48 8b 53 08
0x00000217ec2f0f24:   0f b7 52 2e 48 8b 0c d4 8b 59 14 48 c1 e3 03 8b
0x00000217ec2f0f34:   5b 28 48 c1 e3 03 8b 5b 24 48 c1 e3 03 48 8b 5b
0x00000217ec2f0f44:   10 48 85 db 0f 84 10 00 00 00 41 80 bf e0 05 00
0x00000217ec2f0f54:   00 00 74 03 ff 63 38 ff 63 50 e9 9d 16 00 00 66
0x00000217ec2f0f64:   66 66 0f 1f 84 00 00 00 00 00 66 66 66 90 66 66
0x00000217ec2f0f74:   0f 1f 84 00 00 00 00 00 66 66 66 90 48 8b 53 08
0x00000217ec2f0f84:   0f b7 52 2e 48 8b 0c d4 58 5b 50 44 8b 51 08 49
0x00000217ec2f0f94:   bb 00 00 00 00 08 00 00 00 4d 03 d3 4c 8b 5b 10
0x00000217ec2f0fa4:   4b 8b 9c da c8 01 00 00 48 85 db 0f 84 10 00 00
0x00000217ec2f0fb4:   00 41 80 bf e0 05 00 00 00 74 03 ff 63 38 ff 63
0x00000217ec2f0fc4:   50 e9 36 16 00 00 66 66 66 0f 1f 84 00 00 00 00
0x00000217ec2f0fd4:   00 66 66 66 90 0f 1f 80 00 00 00 00 58 5b 50 8b
0x00000217ec2f0fe4:   5b 24 48 c1 e3 03 48 8b 5b 10 48 85 db 0f 84 10
0x00000217ec2f0ff4:   00 00 00 41 80 bf e0 05 00 00 00 74 03 ff 63 38
0x00000217ec2f1004:   ff 63 50 e9 f4 15 00 00 66 66 66 0f 1f 84 00 00
0x00000217ec2f1014:   00 00 00 66 66 66 90 0f 1f 44 00 00 48 8b 53 08
0x00000217ec2f1024:   0f b7 52 2e 48 8b 0c d4 58 5b 50 48 3b 01 8b 5b
0x00000217ec2f1034:   24 48 c1 e3 03 48 8b 5b 10 48 85 db 0f 84 10 00
0x00000217ec2f1044:   00 00 41 80 bf e0 05 00 00 00 74 03 ff 63 38 ff
0x00000217ec2f1054:   63 50 e9 a5 15 00 00 0f 1f 44 00 00 48 8b 53 08
0x00000217ec2f1064:   0f b7 52 2e 48 8b 0c d4 58 5b 50 44 8b 51 08 49
0x00000217ec2f1074:   bb 00 00 00 00 08 00 00 00 4d 03 d3 8b 43 18 48
0x00000217ec2f1084:   c1 e0 03 48 8b 40 10 48 8b 5b 10 45 8b 9a a0 00
0x00000217ec2f1094:   00 00 4f 8d 9c da c8 01 00 00 4d 8d 14 da 49 8b 


Stack slot to memory mapping:

stack at sp + 0 slots: 0x00000217ec2c958b is at code_begin+4363 in an Interpreter codelet
return entry points  [0x00000217ec2c8480, 0x00000217ec2ca298]  7704 bytes
stack at sp + 1 slots: 0x000000070522b250 is an oop: gamepiece.admin.game.domain.Game 
{0x000000070522b250} - klass: 'gamepiece/admin/game/domain/Game'
 - ---- fields (total size 10 words):
 - private 'price' 'I' @12  50000 (0x0000c350)
 - private 'reviewCount' 'I' @16  0 (0x00000000)
 - private 'reviewAvg' 'I' @20  0 (0x00000000)
 - private 'gameCode' 'Ljava/lang/String;' @24  null (0x00000000)
 - private 'gameName' 'Ljava/lang/String;' @28  "PUB"{0x00000007052320c0} (0xe0a46418)
 - private 'platformCode' 'Ljava/lang/String;' @32  null (0x00000000)
 - private 'platformName' 'Ljava/lang/String;' @36  null (0x00000000)
 - private 'developer' 'Ljava/lang/String;' @40  null (0x00000000)
 - private 'gameEnrollmentYmd' 'Ljava/lang/String;' @44  null (0x00000000)
 - private 'detailId' 'Ljava/lang/String;' @48  null (0x00000000)
 - private 'imgId' 'Ljava/lang/String;' @52  null (0x00000000)
 - private 'videoId' 'Ljava/lang/String;' @56  null (0x00000000)
 - private 'description' 'Ljava/lang/String;' @60  ""{0x0000000702fb4148} (0xe05f6829)
 - private 'genre' 'Ljava/lang/String;' @64  null (0x00000000)
 - private 'summation' 'Ljava/lang/String;' @68  null (0x00000000)
 - private 'adminId' 'Ljava/lang/String;' @72  null (0x00000000)
 - private 'regYmd' 'Ljava/lang/String;' @76  null (0x00000000)
stack at sp + 2 slots: 0x00000007042adb08 is an oop: gamepiece.admin.game.controller.GameListController 
{0x00000007042adb08} - klass: 'gamepiece/admin/game/controller/GameListController'
 - ---- fields (total size 2 words):
 - private final 'gameListService' 'Lgamepiece/admin/game/service/GameListService;' @12  a 'gamepiece/admin/game/service/GameListServiceImple'{0x00000007042adb18} (0xe0855b63)
stack at sp + 3 slots: 0x0000008091ffd130 is pointing into the stack for thread: 0x00000217fe34a410
stack at sp + 4 slots: 0x00000217f9bf0276 is pointing into metadata
stack at sp + 5 slots: 0x0000000000000006 is an unknown value
stack at sp + 6 slots: 0x00000217f9bf03c8 is pointing into metadata
stack at sp + 7 slots: 0x0000008091ffd218 is pointing into the stack for thread: 0x00000217fe34a410

MethodHandle::interpreter_entry::_linkToVirtual [0x00000217ec2f0f63, 0x00000217ec2f0fca] (103 bytes)
[MachCode]
  0x00000217ec2f0f63: 6666 660f | 1f84 0000 | 0000 0066 | 6666 9066 | 660f 1f84 | 0000 0000 | 0066 6666 | 9048 8b53 
  0x00000217ec2f0f83: 080f b752 | 2e48 8b0c | d458 5b50 | 448b 5108 | 49bb 0000 | 0000 0800 | 0000 4d03 | d34c 8b5b 
  0x00000217ec2f0fa3: 104b 8b9c | dac8 0100 | 0048 85db | 0f84 1000 | 0000 4180 | bfe0 0500 | 0000 7403 | ff63 38ff 
  0x00000217ec2f0fc3: 6350 e936 | 
[/MachCode]

---------------  P R O C E S S  ---------------

Threads class SMR info:
_java_thread_list=0x00000217fe195370, length=45, elements={
0x00000217f72d5910, 0x00000217f72d6730, 0x00000217f73288b0, 0x00000217f7329310,
0x00000217f732a510, 0x00000217f732b710, 0x00000217f73468e0, 0x00000217f71f59e0,
0x00000217f75b20b0, 0x00000217f75b9520, 0x00000217f75b9ba0, 0x00000217fc463cd0,
0x00000217fc6a1fe0, 0x00000217fc6b7560, 0x00000217fc7a0800, 0x00000217fcbb8cf0,
0x00000217fcdaf650, 0x00000217fcdaba30, 0x00000217fcdc7170, 0x00000217fcdc5dc0,
0x00000217fcdc50a0, 0x00000217fcdc6ae0, 0x00000217fcdc5730, 0x00000217fcdc7800,
0x00000217fcdc6450, 0x00000217fe349d80, 0x00000217fe34b7c0, 0x00000217fe34fff0,
0x00000217fe34c4e0, 0x00000217fe3496f0, 0x00000217fe34b130, 0x00000217fe34a410,
0x00000217fe34f960, 0x00000217fe34cb70, 0x00000217fe34f2d0, 0x00000217fe34d200,
0x00000217fe34d890, 0x00000217fe34aaa0, 0x00000217fe349060, 0x00000217fe34be50,
0x00000217fe34df20, 0x00000217fe34ec40, 0x00000217fc4d1770, 0x00000217fc4cd5d0,
0x00000217fc4d4bf0
}

Java Threads: ( => current thread )
  0x00000217f72d5910 JavaThread "Reference Handler"          daemon [_thread_blocked, id=6768, stack(0x000000808ee00000,0x000000808ef00000) (1024K)]
  0x00000217f72d6730 JavaThread "Finalizer"                  daemon [_thread_blocked, id=9976, stack(0x000000808ef00000,0x000000808f000000) (1024K)]
  0x00000217f73288b0 JavaThread "Signal Dispatcher"          daemon [_thread_blocked, id=15120, stack(0x000000808f000000,0x000000808f100000) (1024K)]
  0x00000217f7329310 JavaThread "Attach Listener"            daemon [_thread_blocked, id=12972, stack(0x000000808f100000,0x000000808f200000) (1024K)]
  0x00000217f732a510 JavaThread "Service Thread"             daemon [_thread_blocked, id=2040, stack(0x000000808f200000,0x000000808f300000) (1024K)]
  0x00000217f732b710 JavaThread "Monitor Deflation Thread"   daemon [_thread_blocked, id=7112, stack(0x000000808f300000,0x000000808f400000) (1024K)]
  0x00000217f73468e0 JavaThread "C1 CompilerThread0"         daemon [_thread_blocked, id=7656, stack(0x000000808f400000,0x000000808f500000) (1024K)]
  0x00000217f71f59e0 JavaThread "Common-Cleaner"             daemon [_thread_blocked, id=9456, stack(0x000000808f500000,0x000000808f600000) (1024K)]
  0x00000217f75b20b0 JavaThread "JDWP Transport Listener: dt_socket" daemon [_thread_blocked, id=13416, stack(0x000000808f900000,0x000000808fa00000) (1024K)]
  0x00000217f75b9520 JavaThread "JDWP Event Helper Thread"   daemon [_thread_blocked, id=9384, stack(0x000000808fa00000,0x000000808fb00000) (1024K)]
  0x00000217f75b9ba0 JavaThread "JDWP Command Reader"        daemon [_thread_in_native, id=14784, stack(0x000000808fb00000,0x000000808fc00000) (1024K)]
  0x00000217fc463cd0 JavaThread "Notification Thread"        daemon [_thread_blocked, id=1332, stack(0x000000808fc00000,0x000000808fd00000) (1024K)]
  0x00000217fc6a1fe0 JavaThread "RMI TCP Accept-0"           daemon [_thread_in_native, id=4640, stack(0x000000808fd00000,0x000000808fe00000) (1024K)]
  0x00000217fc6b7560 JavaThread "RMI TCP Accept-62704"       daemon [_thread_in_native, id=4996, stack(0x000000808fe00000,0x000000808ff00000) (1024K)]
  0x00000217fc7a0800 JavaThread "RMI TCP Accept-0"           daemon [_thread_in_native, id=12260, stack(0x0000008090700000,0x0000008090800000) (1024K)]
  0x00000217fcbb8cf0 JavaThread "RMI TCP Connection(idle)"   daemon [_thread_blocked, id=12476, stack(0x0000008090d00000,0x0000008090e00000) (1024K)]
  0x00000217fcdaf650 JavaThread "RMI Scheduler(0)"           daemon [_thread_blocked, id=2832, stack(0x0000008090e00000,0x0000008090f00000) (1024K)]
  0x00000217fcdaba30 JavaThread "RMI TCP Connection(idle)"   daemon [_thread_blocked, id=14116, stack(0x0000008090f00000,0x0000008091000000) (1024K)]
  0x00000217fcdc7170 JavaThread "JMX server connection timeout 45" daemon [_thread_blocked, id=8268, stack(0x0000008091000000,0x0000008091100000) (1024K)]
  0x00000217fcdc5dc0 JavaThread "Catalina-utility-1"                [_thread_blocked, id=8868, stack(0x0000008091100000,0x0000008091200000) (1024K)]
  0x00000217fcdc50a0 JavaThread "Catalina-utility-2"                [_thread_blocked, id=8912, stack(0x0000008091200000,0x0000008091300000) (1024K)]
  0x00000217fcdc6ae0 JavaThread "container-0"                       [_thread_blocked, id=10496, stack(0x0000008091300000,0x0000008091400000) (1024K)]
  0x00000217fcdc5730 JavaThread "mysql-cj-abandoned-connection-cleanup" daemon [_thread_blocked, id=8328, stack(0x0000008091400000,0x0000008091500000) (1024K)]
  0x00000217fcdc7800 JavaThread "HikariPool-1 housekeeper"   daemon [_thread_blocked, id=14708, stack(0x0000008091600000,0x0000008091700000) (1024K)]
  0x00000217fcdc6450 JavaThread "File Watcher"               daemon [_thread_in_native, id=8044, stack(0x0000008091800000,0x0000008091900000) (1024K)]
  0x00000217fe349d80 JavaThread "Live Reload Server"         daemon [_thread_in_native, id=10432, stack(0x0000008091a00000,0x0000008091b00000) (1024K)]
  0x00000217fe34b7c0 JavaThread "http-nio-80-exec-1"         daemon [_thread_blocked, id=14700, stack(0x0000008091900000,0x0000008091a00000) (1024K)]
  0x00000217fe34fff0 JavaThread "http-nio-80-exec-2"         daemon [_thread_blocked, id=10276, stack(0x0000008091b00000,0x0000008091c00000) (1024K)]
  0x00000217fe34c4e0 JavaThread "http-nio-80-exec-3"         daemon [_thread_blocked, id=6696, stack(0x0000008091c00000,0x0000008091d00000) (1024K)]
  0x00000217fe3496f0 JavaThread "http-nio-80-exec-4"         daemon [_thread_blocked, id=14988, stack(0x0000008091d00000,0x0000008091e00000) (1024K)]
  0x00000217fe34b130 JavaThread "http-nio-80-exec-5"         daemon [_thread_blocked, id=6156, stack(0x0000008091e00000,0x0000008091f00000) (1024K)]
=>0x00000217fe34a410 JavaThread "http-nio-80-exec-6"         daemon [_thread_in_Java, id=7588, stack(0x0000008091f00000,0x0000008092000000) (1024K)]
  0x00000217fe34f960 JavaThread "http-nio-80-exec-7"         daemon [_thread_blocked, id=11892, stack(0x0000008092000000,0x0000008092100000) (1024K)]
  0x00000217fe34cb70 JavaThread "http-nio-80-exec-8"         daemon [_thread_blocked, id=10448, stack(0x0000008092100000,0x0000008092200000) (1024K)]
  0x00000217fe34f2d0 JavaThread "http-nio-80-exec-9"         daemon [_thread_blocked, id=11276, stack(0x0000008092200000,0x0000008092300000) (1024K)]
  0x00000217fe34d200 JavaThread "http-nio-80-exec-10"        daemon [_thread_blocked, id=8728, stack(0x0000008092300000,0x0000008092400000) (1024K)]
  0x00000217fe34d890 JavaThread "http-nio-80-Poller"         daemon [_thread_in_native, id=11296, stack(0x0000008092400000,0x0000008092500000) (1024K)]
  0x00000217fe34aaa0 JavaThread "http-nio-80-Acceptor"       daemon [_thread_in_native, id=11768, stack(0x0000008092500000,0x0000008092600000) (1024K)]
  0x00000217fe349060 JavaThread "DestroyJavaVM"                     [_thread_blocked, id=11668, stack(0x000000808e600000,0x000000808e700000) (1024K)]
  0x00000217fe34be50 JavaThread "RMI TCP Connection(idle)"   daemon [_thread_blocked, id=12820, stack(0x0000008090900000,0x0000008090a00000) (1024K)]
  0x00000217fe34df20 JavaThread "RMI TCP Connection(idle)"   daemon [_thread_blocked, id=1708, stack(0x0000008092600000,0x0000008092700000) (1024K)]
  0x00000217fe34ec40 JavaThread "RMI TCP Connection(idle)"   daemon [_thread_blocked, id=9116, stack(0x0000008092700000,0x0000008092800000) (1024K)]
  0x00000217fc4d1770 JavaThread "RMI TCP Connection(idle)"   daemon [_thread_blocked, id=1588, stack(0x0000008092900000,0x0000008092a00000) (1024K)]
  0x00000217fc4cd5d0 JavaThread "RMI TCP Connection(9)-127.0.0.1" daemon [_thread_in_native, id=2920, stack(0x0000008092b00000,0x0000008092c00000) (1024K)]
  0x00000217fc4d4bf0 JavaThread "RMI TCP Connection(idle)"   daemon [_thread_blocked, id=9684, stack(0x0000008092c00000,0x0000008092d00000) (1024K)]
Total: 45

Other Threads:
  0x00000217f72555d0 VMThread "VM Thread"                           [id=1208, stack(0x000000808ed00000,0x000000808ee00000) (1024K)]
  0x00000217f71f4c20 WatcherThread "VM Periodic Task Thread"        [id=4288, stack(0x000000808ec00000,0x000000808ed00000) (1024K)]
  0x00000217e881fa00 WorkerThread "GC Thread#0"                     [id=9680, stack(0x000000808e700000,0x000000808e800000) (1024K)]
  0x00000217fc6c8580 WorkerThread "GC Thread#1"                     [id=6092, stack(0x000000808ff00000,0x0000008090000000) (1024K)]
  0x00000217fc6c8920 WorkerThread "GC Thread#2"                     [id=7852, stack(0x0000008090000000,0x0000008090100000) (1024K)]
  0x00000217fc6c8cc0 WorkerThread "GC Thread#3"                     [id=13164, stack(0x0000008090100000,0x0000008090200000) (1024K)]
  0x00000217fc6c9060 WorkerThread "GC Thread#4"                     [id=3444, stack(0x0000008090200000,0x0000008090300000) (1024K)]
  0x00000217fc6c9400 WorkerThread "GC Thread#5"                     [id=9096, stack(0x0000008090300000,0x0000008090400000) (1024K)]
  0x00000217fc6ec7f0 WorkerThread "GC Thread#6"                     [id=5796, stack(0x0000008090400000,0x0000008090500000) (1024K)]
  0x00000217fc6f0ba0 WorkerThread "GC Thread#7"                     [id=9708, stack(0x0000008090500000,0x0000008090600000) (1024K)]
  0x00000217fc6f2570 WorkerThread "GC Thread#8"                     [id=6040, stack(0x0000008090600000,0x0000008090700000) (1024K)]
  0x00000217fcbaf570 WorkerThread "GC Thread#9"                     [id=12180, stack(0x0000008090a00000,0x0000008090b00000) (1024K)]
  0x00000217e8833060 ConcurrentGCThread "G1 Main Marker"            [id=14204, stack(0x000000808e800000,0x000000808e900000) (1024K)]
  0x00000217e8833b60 WorkerThread "G1 Conc#0"                       [id=9452, stack(0x000000808e900000,0x000000808ea00000) (1024K)]
  0x00000217fcbaf910 WorkerThread "G1 Conc#1"                       [id=5968, stack(0x0000008090b00000,0x0000008090c00000) (1024K)]
  0x00000217fcbafcb0 WorkerThread "G1 Conc#2"                       [id=3120, stack(0x0000008090c00000,0x0000008090d00000) (1024K)]
  0x00000217f70c75b0 ConcurrentGCThread "G1 Refine#0"               [id=10256, stack(0x000000808ea00000,0x000000808eb00000) (1024K)]
  0x00000217f70c8030 ConcurrentGCThread "G1 Service"                [id=8204, stack(0x000000808eb00000,0x000000808ec00000) (1024K)]
Total: 18

Threads with active compile tasks:
Total: 0

VM state: not at safepoint (normal execution)

VM Mutex/Monitor currently owned by a thread: None

Heap address: 0x0000000702e00000, size: 4050 MB, Compressed Oops mode: Zero based, Oop shift amount: 3

CDS archive(s) not mapped
Compressed class space mapped at: 0x0000000800000000-0x0000000840000000, reserved size: 1073741824
Narrow klass base: 0x0000000800000000, Narrow klass shift: 0, Narrow klass range: 0x40000000

GC Precious Log:
 CardTable entry size: 512
 Card Set container configuration: InlinePtr #cards 4 size 8 Array Of Cards #cards 16 size 48 Howl #buckets 8 coarsen threshold 3686 Howl Bitmap #cards 512 size 80 coarsen threshold 460 Card regions per heap region 1 cards per card region 4096
 CPUs: 12 total, 12 available
 Memory: 16196M
 Large Page Support: Disabled
 NUMA Support: Disabled
 Compressed Oops: Enabled (Zero based)
 Heap Region Size: 2M
 Heap Min Capacity: 8M
 Heap Initial Capacity: 254M
 Heap Max Capacity: 4050M
 Pre-touch: Disabled
 Parallel Workers: 10
 Concurrent Workers: 3
 Concurrent Refinement Workers: 10
 Periodic GC: Disabled

Heap:
 garbage-first heap   total 102400K, used 40594K [0x0000000702e00000, 0x0000000800000000)
  region size 2048K, 5 young (10240K), 3 survivors (6144K)
 Metaspace       used 69493K, committed 70656K, reserved 1114112K
  class space    used 8621K, committed 9152K, reserved 1048576K

Heap Regions: E=young(eden), S=young(survivor), O=old, HS=humongous(starts), HC=humongous(continues), CS=collection set, F=free, TAMS=top-at-mark-start, PB=parsable bottom
|   0|0x0000000702e00000, 0x0000000703000000, 0x0000000703000000|100%| O|  |TAMS 0x0000000702e00000| PB 0x0000000702e00000| Untracked 
|   1|0x0000000703000000, 0x0000000703200000, 0x0000000703200000|100%| O|  |TAMS 0x0000000703000000| PB 0x0000000703000000| Untracked 
|   2|0x0000000703200000, 0x0000000703400000, 0x0000000703400000|100%| O|  |TAMS 0x0000000703200000| PB 0x0000000703200000| Untracked 
|   3|0x0000000703400000, 0x0000000703600000, 0x0000000703600000|100%| O|  |TAMS 0x0000000703400000| PB 0x0000000703400000| Untracked 
|   4|0x0000000703600000, 0x0000000703800000, 0x0000000703800000|100%| O|  |TAMS 0x0000000703600000| PB 0x0000000703600000| Untracked 
|   5|0x0000000703800000, 0x0000000703a00000, 0x0000000703a00000|100%| O|  |TAMS 0x0000000703800000| PB 0x0000000703800000| Untracked 
|   6|0x0000000703a00000, 0x0000000703c00000, 0x0000000703c00000|100%| O|  |TAMS 0x0000000703a00000| PB 0x0000000703a00000| Untracked 
|   7|0x0000000703c00000, 0x0000000703e00000, 0x0000000703e00000|100%| O|  |TAMS 0x0000000703c00000| PB 0x0000000703c00000| Untracked 
|   8|0x0000000703e00000, 0x0000000704000000, 0x0000000704000000|100%| O|  |TAMS 0x0000000703e00000| PB 0x0000000703e00000| Untracked 
|   9|0x0000000704000000, 0x00000007041ffc68, 0x0000000704200000| 99%| O|  |TAMS 0x0000000704000000| PB 0x0000000704000000| Untracked 
|  10|0x0000000704200000, 0x0000000704400000, 0x0000000704400000|100%| O|  |TAMS 0x0000000704200000| PB 0x0000000704200000| Untracked 
|  11|0x0000000704400000, 0x0000000704600000, 0x0000000704600000|100%| O|  |TAMS 0x0000000704400000| PB 0x0000000704400000| Untracked 
|  12|0x0000000704600000, 0x0000000704800000, 0x0000000704800000|100%| O|  |TAMS 0x0000000704600000| PB 0x0000000704600000| Untracked 
|  13|0x0000000704800000, 0x0000000704a00000, 0x0000000704a00000|100%| O|  |TAMS 0x0000000704800000| PB 0x0000000704800000| Untracked 
|  14|0x0000000704a00000, 0x0000000704c00000, 0x0000000704c00000|100%| O|  |TAMS 0x0000000704a00000| PB 0x0000000704a00000| Untracked 
|  15|0x0000000704c00000, 0x0000000704ccd220, 0x0000000704e00000| 40%| O|  |TAMS 0x0000000704c00000| PB 0x0000000704c00000| Untracked 
|  16|0x0000000704e00000, 0x0000000704ed7a50, 0x0000000705000000| 42%| S|CS|TAMS 0x0000000704e00000| PB 0x0000000704e00000| Complete 
|  17|0x0000000705000000, 0x0000000705200000, 0x0000000705200000|100%| S|CS|TAMS 0x0000000705000000| PB 0x0000000705000000| Complete 
|  18|0x0000000705200000, 0x0000000705400000, 0x0000000705400000|100%| S|CS|TAMS 0x0000000705200000| PB 0x0000000705200000| Complete 
|  19|0x0000000705400000, 0x0000000705400000, 0x0000000705600000|  0%| F|  |TAMS 0x0000000705400000| PB 0x0000000705400000| Untracked 
|  20|0x0000000705600000, 0x0000000705600000, 0x0000000705800000|  0%| F|  |TAMS 0x0000000705600000| PB 0x0000000705600000| Untracked 
|  21|0x0000000705800000, 0x0000000705800000, 0x0000000705a00000|  0%| F|  |TAMS 0x0000000705800000| PB 0x0000000705800000| Untracked 
|  22|0x0000000705a00000, 0x0000000705a00000, 0x0000000705c00000|  0%| F|  |TAMS 0x0000000705a00000| PB 0x0000000705a00000| Untracked 
|  23|0x0000000705c00000, 0x0000000705c00000, 0x0000000705e00000|  0%| F|  |TAMS 0x0000000705c00000| PB 0x0000000705c00000| Untracked 
|  24|0x0000000705e00000, 0x0000000705e00000, 0x0000000706000000|  0%| F|  |TAMS 0x0000000705e00000| PB 0x0000000705e00000| Untracked 
|  25|0x0000000706000000, 0x0000000706000000, 0x0000000706200000|  0%| F|  |TAMS 0x0000000706000000| PB 0x0000000706000000| Untracked 
|  26|0x0000000706200000, 0x0000000706200000, 0x0000000706400000|  0%| F|  |TAMS 0x0000000706200000| PB 0x0000000706200000| Untracked 
|  27|0x0000000706400000, 0x0000000706400000, 0x0000000706600000|  0%| F|  |TAMS 0x0000000706400000| PB 0x0000000706400000| Untracked 
|  28|0x0000000706600000, 0x0000000706600000, 0x0000000706800000|  0%| F|  |TAMS 0x0000000706600000| PB 0x0000000706600000| Untracked 
|  29|0x0000000706800000, 0x0000000706800000, 0x0000000706a00000|  0%| F|  |TAMS 0x0000000706800000| PB 0x0000000706800000| Untracked 
|  30|0x0000000706a00000, 0x0000000706a00000, 0x0000000706c00000|  0%| F|  |TAMS 0x0000000706a00000| PB 0x0000000706a00000| Untracked 
|  31|0x0000000706c00000, 0x0000000706c00000, 0x0000000706e00000|  0%| F|  |TAMS 0x0000000706c00000| PB 0x0000000706c00000| Untracked 
|  32|0x0000000706e00000, 0x0000000706e00000, 0x0000000707000000|  0%| F|  |TAMS 0x0000000706e00000| PB 0x0000000706e00000| Untracked 
|  33|0x0000000707000000, 0x0000000707000000, 0x0000000707200000|  0%| F|  |TAMS 0x0000000707000000| PB 0x0000000707000000| Untracked 
|  34|0x0000000707200000, 0x0000000707200000, 0x0000000707400000|  0%| F|  |TAMS 0x0000000707200000| PB 0x0000000707200000| Untracked 
|  35|0x0000000707400000, 0x0000000707400000, 0x0000000707600000|  0%| F|  |TAMS 0x0000000707400000| PB 0x0000000707400000| Untracked 
|  36|0x0000000707600000, 0x0000000707600000, 0x0000000707800000|  0%| F|  |TAMS 0x0000000707600000| PB 0x0000000707600000| Untracked 
|  37|0x0000000707800000, 0x0000000707800000, 0x0000000707a00000|  0%| F|  |TAMS 0x0000000707800000| PB 0x0000000707800000| Untracked 
|  38|0x0000000707a00000, 0x0000000707a00000, 0x0000000707c00000|  0%| F|  |TAMS 0x0000000707a00000| PB 0x0000000707a00000| Untracked 
|  39|0x0000000707c00000, 0x0000000707c00000, 0x0000000707e00000|  0%| F|  |TAMS 0x0000000707c00000| PB 0x0000000707c00000| Untracked 
|  40|0x0000000707e00000, 0x0000000707e00000, 0x0000000708000000|  0%| F|  |TAMS 0x0000000707e00000| PB 0x0000000707e00000| Untracked 
|  41|0x0000000708000000, 0x0000000708000000, 0x0000000708200000|  0%| F|  |TAMS 0x0000000708000000| PB 0x0000000708000000| Untracked 
|  42|0x0000000708200000, 0x0000000708200000, 0x0000000708400000|  0%| F|  |TAMS 0x0000000708200000| PB 0x0000000708200000| Untracked 
|  43|0x0000000708400000, 0x0000000708400000, 0x0000000708600000|  0%| F|  |TAMS 0x0000000708400000| PB 0x0000000708400000| Untracked 
|  57|0x000000070a000000, 0x000000070a000000, 0x000000070a200000|  0%| F|  |TAMS 0x000000070a000000| PB 0x000000070a000000| Untracked 
|  58|0x000000070a200000, 0x000000070a200000, 0x000000070a400000|  0%| F|  |TAMS 0x000000070a200000| PB 0x000000070a200000| Untracked 
|  59|0x000000070a400000, 0x000000070a400000, 0x000000070a600000|  0%| F|  |TAMS 0x000000070a400000| PB 0x000000070a400000| Untracked 
|  60|0x000000070a600000, 0x000000070a7753e0, 0x000000070a800000| 72%| E|  |TAMS 0x000000070a600000| PB 0x000000070a600000| Complete 
| 126|0x0000000712a00000, 0x0000000712c00000, 0x0000000712c00000|100%| E|CS|TAMS 0x0000000712a00000| PB 0x0000000712a00000| Complete 
|2024|0x00000007ffe00000, 0x0000000800000000, 0x0000000800000000|100%| O|  |TAMS 0x00000007ffe00000| PB 0x00000007ffe00000| Untracked 

Card table byte_map: [0x00000217efde0000,0x00000217f05d0000] _byte_map_base: 0x00000217ec5c9000

Marking Bits: (CMBitMap*) 0x00000217e8820100
 Bits: [0x00000217f05d0000, 0x00000217f4518000)

Polling page: 0x00000217e6710000

Metaspace:

Usage:
  Non-class:     59.44 MB used.
      Class:      8.42 MB used.
       Both:     67.86 MB used.

Virtual space:
  Non-class space:       64.00 MB reserved,      60.06 MB ( 94%) committed,  1 nodes.
      Class space:        1.00 GB reserved,       8.94 MB ( <1%) committed,  1 nodes.
             Both:        1.06 GB reserved,      69.00 MB (  6%) committed. 

Chunk freelists:
   Non-Class:  3.86 MB
       Class:  7.01 MB
        Both:  10.87 MB

MaxMetaspaceSize: unlimited
CompressedClassSpaceSize: 1.00 GB
Initial GC threshold: 21.00 MB
Current GC threshold: 98.12 MB
CDS: off
 - commit_granule_bytes: 65536.
 - commit_granule_words: 8192.
 - virtual_space_node_default_size: 8388608.
 - enlarge_chunks_in_place: 1.
 - use_allocation_guard: 0.


Internal statistics:

num_allocs_failed_limit: 9.
num_arena_births: 1768.
num_arena_deaths: 0.
num_vsnodes_births: 2.
num_vsnodes_deaths: 0.
num_space_committed: 1104.
num_space_uncommitted: 0.
num_chunks_returned_to_freelist: 9.
num_chunks_taken_from_freelist: 3887.
num_chunk_merges: 9.
num_chunk_splits: 2624.
num_chunks_enlarged: 1760.
num_inconsistent_stats: 0.

CodeCache: size=49152Kb used=15801Kb max_used=17426Kb free=33350Kb
 bounds [0x00000217ec2c0000, 0x00000217ed3d0000, 0x00000217ef2c0000]
 total_blobs=8524 nmethods=7579 adapters=869
 compilation: enabled
              stopped_count=0, restarted_count=0
 full_count=0

Compilation events (20 events):
Event: 34.477 Thread 0x00000217f73468e0 7627       1       org.apache.tomcat.util.net.SocketWrapperBase::getReadTimeout (5 bytes)
Event: 34.478 Thread 0x00000217f73468e0 nmethod 7627 0x00000217ec527c10 code [0x00000217ec527da0, 0x00000217ec527e70]
Event: 42.530 Thread 0x00000217f73468e0 7629       1       java.lang.Long::compare (22 bytes)
Event: 42.531 Thread 0x00000217f73468e0 nmethod 7629 0x00000217ec527890 code [0x00000217ec527a20, 0x00000217ec527b50]
Event: 42.531 Thread 0x00000217f73468e0 7628       1       org.apache.catalina.webresources.CachedResource::getNextCheck (5 bytes)
Event: 42.531 Thread 0x00000217f73468e0 nmethod 7628 0x00000217ec527590 code [0x00000217ec527720, 0x00000217ec5277f0]
Event: 50.175 Thread 0x00000217f73468e0 7630       1       java.util.concurrent.ScheduledThreadPoolExecutor$ScheduledFutureTask::compareTo (9 bytes)
Event: 50.175 Thread 0x00000217f73468e0 nmethod 7630 0x00000217ec527190 code [0x00000217ec527340, 0x00000217ec527490]
Event: 50.175 Thread 0x00000217f73468e0 7631       1       java.util.concurrent.ScheduledThreadPoolExecutor$ScheduledFutureTask::compareTo (101 bytes)
Event: 50.175 Thread 0x00000217f73468e0 nmethod 7631 0x00000217ec526990 code [0x00000217ec526b80, 0x00000217ec526ff0]
Event: 51.180 Thread 0x00000217f73468e0 7632       1       java.util.concurrent.locks.LockSupport::setBlocker (12 bytes)
Event: 51.180 Thread 0x00000217f73468e0 nmethod 7632 0x00000217ec526690 code [0x00000217ec526820, 0x00000217ec526930]
Event: 51.771 Thread 0x00000217f73468e0 7633       1       jdk.internal.loader.ClassLoaders::platformClassLoader (4 bytes)
Event: 51.771 Thread 0x00000217f73468e0 nmethod 7633 0x00000217ec526390 code [0x00000217ec526520, 0x00000217ec5265d0]
Event: 51.771 Thread 0x00000217f73468e0 7634   !   1       java.io.ObjectInputStream::filterCheck (359 bytes)
Event: 51.771 Thread 0x00000217f73468e0 nmethod 7634 0x00000217ec525790 code [0x00000217ec5259c0, 0x00000217ec525fc8]
Event: 51.771 Thread 0x00000217f73468e0 7635       1       java.io.ObjectInputStream$BlockDataInputStream::getBytesRead (8 bytes)
Event: 51.771 Thread 0x00000217f73468e0 nmethod 7635 0x00000217ec525490 code [0x00000217ec525620, 0x00000217ec5256f8]
Event: 51.771 Thread 0x00000217f73468e0 7636       1       java.io.ObjectInputStream$FilterValues::<init> (33 bytes)
Event: 51.772 Thread 0x00000217f73468e0 nmethod 7636 0x00000217ec525110 code [0x00000217ec5252a0, 0x00000217ec5253c8]

GC Heap History (20 events):
Event: 1.491 GC heap before
{Heap before GC invocations=7 (full 0):
 garbage-first heap   total 149504K, used 91443K [0x0000000702e00000, 0x0000000800000000)
  region size 2048K, 43 young (88064K), 2 survivors (4096K)
 Metaspace       used 34441K, committed 34816K, reserved 1114112K
  class space    used 3927K, committed 4096K, reserved 1048576K
}
Event: 1.497 GC heap after
{Heap after GC invocations=8 (full 0):
 garbage-first heap   total 149504K, used 13683K [0x0000000702e00000, 0x0000000800000000)
  region size 2048K, 4 young (8192K), 4 survivors (8192K)
 Metaspace       used 34441K, committed 34816K, reserved 1114112K
  class space    used 3927K, committed 4096K, reserved 1048576K
}
Event: 1.712 GC heap before
{Heap before GC invocations=8 (full 0):
 garbage-first heap   total 149504K, used 40307K [0x0000000702e00000, 0x0000000800000000)
  region size 2048K, 18 young (36864K), 4 survivors (8192K)
 Metaspace       used 35612K, committed 35968K, reserved 1114112K
  class space    used 4104K, committed 4288K, reserved 1048576K
}
Event: 1.716 GC heap after
{Heap after GC invocations=9 (full 0):
 garbage-first heap   total 149504K, used 15251K [0x0000000702e00000, 0x0000000800000000)
  region size 2048K, 4 young (8192K), 4 survivors (8192K)
 Metaspace       used 35612K, committed 35968K, reserved 1114112K
  class space    used 4104K, committed 4288K, reserved 1048576K
}
Event: 1.875 GC heap before
{Heap before GC invocations=10 (full 0):
 garbage-first heap   total 55296K, used 39827K [0x0000000702e00000, 0x0000000800000000)
  region size 2048K, 16 young (32768K), 4 survivors (8192K)
 Metaspace       used 36983K, committed 37376K, reserved 1114112K
  class space    used 4295K, committed 4480K, reserved 1048576K
}
Event: 1.879 GC heap after
{Heap after GC invocations=11 (full 0):
 garbage-first heap   total 55296K, used 15739K [0x0000000702e00000, 0x0000000800000000)
  region size 2048K, 2 young (4096K), 2 survivors (4096K)
 Metaspace       used 36983K, committed 37376K, reserved 1114112K
  class space    used 4295K, committed 4480K, reserved 1048576K
}
Event: 2.092 GC heap before
{Heap before GC invocations=11 (full 0):
 garbage-first heap   total 55296K, used 42363K [0x0000000702e00000, 0x0000000800000000)
  region size 2048K, 16 young (32768K), 2 survivors (4096K)
 Metaspace       used 38848K, committed 39296K, reserved 1114112K
  class space    used 4579K, committed 4800K, reserved 1048576K
}
Event: 2.095 GC heap after
{Heap after GC invocations=12 (full 0):
 garbage-first heap   total 157696K, used 16915K [0x0000000702e00000, 0x0000000800000000)
  region size 2048K, 2 young (4096K), 2 survivors (4096K)
 Metaspace       used 38848K, committed 39296K, reserved 1114112K
  class space    used 4579K, committed 4800K, reserved 1048576K
}
Event: 2.769 GC heap before
{Heap before GC invocations=12 (full 0):
 garbage-first heap   total 157696K, used 104979K [0x0000000702e00000, 0x0000000800000000)
  region size 2048K, 46 young (94208K), 2 survivors (4096K)
 Metaspace       used 47995K, committed 48576K, reserved 1114112K
  class space    used 5788K, committed 6016K, reserved 1048576K
}
Event: 2.773 GC heap after
{Heap after GC invocations=13 (full 0):
 garbage-first heap   total 157696K, used 20916K [0x0000000702e00000, 0x0000000800000000)
  region size 2048K, 4 young (8192K), 4 survivors (8192K)
 Metaspace       used 47995K, committed 48576K, reserved 1114112K
  class space    used 5788K, committed 6016K, reserved 1048576K
}
Event: 3.429 GC heap before
{Heap before GC invocations=13 (full 0):
 garbage-first heap   total 157696K, used 106932K [0x0000000702e00000, 0x0000000800000000)
  region size 2048K, 46 young (94208K), 4 survivors (8192K)
 Metaspace       used 56488K, committed 57216K, reserved 1114112K
  class space    used 6865K, committed 7168K, reserved 1048576K
}
Event: 3.435 GC heap after
{Heap after GC invocations=14 (full 0):
 garbage-first heap   total 157696K, used 25262K [0x0000000702e00000, 0x0000000800000000)
  region size 2048K, 6 young (12288K), 6 survivors (12288K)
 Metaspace       used 56488K, committed 57216K, reserved 1114112K
  class space    used 6865K, committed 7168K, reserved 1048576K
}
Event: 4.148 GC heap before
{Heap before GC invocations=14 (full 0):
 garbage-first heap   total 157696K, used 55982K [0x0000000702e00000, 0x0000000800000000)
  region size 2048K, 22 young (45056K), 6 survivors (12288K)
 Metaspace       used 59381K, committed 60096K, reserved 1114112K
  class space    used 7266K, committed 7616K, reserved 1048576K
}
Event: 4.155 GC heap after
{Heap after GC invocations=15 (full 0):
 garbage-first heap   total 157696K, used 26799K [0x0000000702e00000, 0x0000000800000000)
  region size 2048K, 4 young (8192K), 4 survivors (8192K)
 Metaspace       used 59381K, committed 60096K, reserved 1114112K
  class space    used 7266K, committed 7616K, reserved 1048576K
}
Event: 7.752 GC heap before
{Heap before GC invocations=16 (full 0):
 garbage-first heap   total 96256K, used 73903K [0x0000000702e00000, 0x0000000800000000)
  region size 2048K, 28 young (57344K), 4 survivors (8192K)
 Metaspace       used 63240K, committed 64064K, reserved 1114112K
  class space    used 7806K, committed 8192K, reserved 1048576K
}
Event: 7.756 GC heap after
{Heap after GC invocations=17 (full 0):
 garbage-first heap   total 96256K, used 30199K [0x0000000702e00000, 0x0000000800000000)
  region size 2048K, 3 young (6144K), 3 survivors (6144K)
 Metaspace       used 63240K, committed 64064K, reserved 1114112K
  class space    used 7806K, committed 8192K, reserved 1048576K
}
Event: 8.112 GC heap before
{Heap before GC invocations=17 (full 0):
 garbage-first heap   total 96256K, used 87543K [0x0000000702e00000, 0x0000000800000000)
  region size 2048K, 28 young (57344K), 3 survivors (6144K)
 Metaspace       used 66835K, committed 67840K, reserved 1114112K
  class space    used 8224K, committed 8640K, reserved 1048576K
}
Event: 8.121 GC heap after
{Heap after GC invocations=18 (full 0):
 garbage-first heap   total 102400K, used 34645K [0x0000000702e00000, 0x0000000800000000)
  region size 2048K, 4 young (8192K), 4 survivors (8192K)
 Metaspace       used 66835K, committed 67840K, reserved 1114112K
  class space    used 8224K, committed 8640K, reserved 1048576K
}
Event: 39.824 GC heap before
{Heap before GC invocations=18 (full 0):
 garbage-first heap   total 102400K, used 85845K [0x0000000702e00000, 0x0000000800000000)
  region size 2048K, 30 young (61440K), 4 survivors (8192K)
 Metaspace       used 69488K, committed 70656K, reserved 1114112K
  class space    used 8621K, committed 9152K, reserved 1048576K
}
Event: 39.834 GC heap after
{Heap after GC invocations=19 (full 0):
 garbage-first heap   total 102400K, used 38546K [0x0000000702e00000, 0x0000000800000000)
  region size 2048K, 3 young (6144K), 3 survivors (6144K)
 Metaspace       used 69488K, committed 70656K, reserved 1114112K
  class space    used 8621K, committed 9152K, reserved 1048576K
}

Dll operation events (12 events):
Event: 0.006 Loaded shared library D:\gamepiece\sts-4.26.0.RELEASE\plugins\org.eclipse.justj.openjdk.hotspot.jre.full.win32.x86_64_21.0.4.v20240802-1551\jre\bin\java.dll
Event: 0.009 Loaded shared library D:\gamepiece\sts-4.26.0.RELEASE\plugins\org.eclipse.justj.openjdk.hotspot.jre.full.win32.x86_64_21.0.4.v20240802-1551\jre\bin\zip.dll
Event: 0.219 Loaded shared library D:\gamepiece\sts-4.26.0.RELEASE\plugins\org.eclipse.justj.openjdk.hotspot.jre.full.win32.x86_64_21.0.4.v20240802-1551\jre\bin\instrument.dll
Event: 0.228 Loaded shared library D:\gamepiece\sts-4.26.0.RELEASE\plugins\org.eclipse.justj.openjdk.hotspot.jre.full.win32.x86_64_21.0.4.v20240802-1551\jre\bin\net.dll
Event: 0.228 Loaded shared library D:\gamepiece\sts-4.26.0.RELEASE\plugins\org.eclipse.justj.openjdk.hotspot.jre.full.win32.x86_64_21.0.4.v20240802-1551\jre\bin\nio.dll
Event: 0.234 Loaded shared library D:\gamepiece\sts-4.26.0.RELEASE\plugins\org.eclipse.justj.openjdk.hotspot.jre.full.win32.x86_64_21.0.4.v20240802-1551\jre\bin\zip.dll
Event: 0.342 Loaded shared library D:\gamepiece\sts-4.26.0.RELEASE\plugins\org.eclipse.justj.openjdk.hotspot.jre.full.win32.x86_64_21.0.4.v20240802-1551\jre\bin\jimage.dll
Event: 0.378 Loaded shared library D:\gamepiece\sts-4.26.0.RELEASE\plugins\org.eclipse.justj.openjdk.hotspot.jre.full.win32.x86_64_21.0.4.v20240802-1551\jre\bin\management.dll
Event: 0.387 Loaded shared library D:\gamepiece\sts-4.26.0.RELEASE\plugins\org.eclipse.justj.openjdk.hotspot.jre.full.win32.x86_64_21.0.4.v20240802-1551\jre\bin\management_ext.dll
Event: 0.532 Loaded shared library D:\gamepiece\sts-4.26.0.RELEASE\plugins\org.eclipse.justj.openjdk.hotspot.jre.full.win32.x86_64_21.0.4.v20240802-1551\jre\bin\extnet.dll
Event: 0.554 Loaded shared library D:\gamepiece\sts-4.26.0.RELEASE\plugins\org.eclipse.justj.openjdk.hotspot.jre.full.win32.x86_64_21.0.4.v20240802-1551\jre\bin\verify.dll
Event: 1.340 Loaded shared library D:\gamepiece\sts-4.26.0.RELEASE\plugins\org.eclipse.justj.openjdk.hotspot.jre.full.win32.x86_64_21.0.4.v20240802-1551\jre\bin\sunmscapi.dll

Deoptimization events (20 events):
Event: 8.443 Thread 0x00000217fe34b7c0 DEOPT PACKING pc=0x00000217ec7f1f0c sp=0x00000080919fa190
Event: 8.443 Thread 0x00000217fe34b7c0 DEOPT UNPACKING pc=0x00000217ec314e42 sp=0x00000080919f9638 mode 1
Event: 8.443 Thread 0x00000217fe34b7c0 DEOPT PACKING pc=0x00000217ed0e7464 sp=0x00000080919fac10
Event: 8.444 Thread 0x00000217fe34b7c0 DEOPT UNPACKING pc=0x00000217ec314e42 sp=0x00000080919fa090 mode 1
Event: 8.444 Thread 0x00000217fe34b7c0 DEOPT PACKING pc=0x00000217ec805b59 sp=0x00000080919fa100
Event: 8.444 Thread 0x00000217fe34b7c0 DEOPT UNPACKING pc=0x00000217ec314e42 sp=0x00000080919f9558 mode 1
Event: 8.444 Thread 0x00000217fe34b7c0 DEOPT PACKING pc=0x00000217ec7f1f0c sp=0x00000080919fa190
Event: 8.444 Thread 0x00000217fe34b7c0 DEOPT UNPACKING pc=0x00000217ec314e42 sp=0x00000080919f9638 mode 1
Event: 8.444 Thread 0x00000217fe34b7c0 DEOPT PACKING pc=0x00000217ed0e7464 sp=0x00000080919fac10
Event: 8.444 Thread 0x00000217fe34b7c0 DEOPT UNPACKING pc=0x00000217ec314e42 sp=0x00000080919fa090 mode 1
Event: 8.451 Thread 0x00000217fe34b7c0 DEOPT PACKING pc=0x00000217ec61848f sp=0x00000080919fb7d0
Event: 8.451 Thread 0x00000217fe34b7c0 DEOPT UNPACKING pc=0x00000217ec314e42 sp=0x00000080919fad18 mode 1
Event: 34.776 Thread 0x00000217fe34a410 DEOPT PACKING pc=0x00000217ecb71dec sp=0x0000008091ffb8f0
Event: 34.776 Thread 0x00000217fe34a410 DEOPT UNPACKING pc=0x00000217ec314e42 sp=0x0000008091ffae28 mode 1
Event: 34.776 Thread 0x00000217fe34a410 DEOPT PACKING pc=0x00000217ecb72df4 sp=0x0000008091ffb9e0
Event: 34.776 Thread 0x00000217fe34a410 DEOPT UNPACKING pc=0x00000217ec314e42 sp=0x0000008091ffaf90 mode 1
Event: 34.776 Thread 0x00000217fe34a410 DEOPT PACKING pc=0x00000217ecb7412c sp=0x0000008091ffbb50
Event: 34.776 Thread 0x00000217fe34a410 DEOPT UNPACKING pc=0x00000217ec314e42 sp=0x0000008091ffb110 mode 1
Event: 52.308 Thread 0x00000217fe34a410 DEOPT PACKING pc=0x00000217ed2df1c4 sp=0x0000008091ffd130
Event: 52.308 Thread 0x00000217fe34a410 DEOPT UNPACKING pc=0x00000217ec314e42 sp=0x0000008091ffc5d8 mode 0

Classes loaded (20 events):
Event: 8.424 Loading class java/util/stream/ReduceOps$6ReducingSink
Event: 8.424 Loading class java/util/stream/ReduceOps$6ReducingSink done
Event: 8.424 Loading class java/util/stream/ReferencePipeline$4$1
Event: 8.424 Loading class java/util/stream/ReferencePipeline$4$1 done
Event: 8.427 Loading class java/lang/Throwable$WrappedPrintWriter
Event: 8.427 Loading class java/lang/Throwable$WrappedPrintWriter done
Event: 8.442 Loading class java/util/concurrent/atomic/AtomicIntegerArray
Event: 8.442 Loading class java/util/concurrent/atomic/AtomicIntegerArray done
Event: 8.442 Loading class java/util/concurrent/atomic/AtomicLongFieldUpdater
Event: 8.442 Loading class java/util/concurrent/atomic/AtomicLongFieldUpdater done
Event: 8.442 Loading class java/util/concurrent/atomic/AtomicMarkableReference
Event: 8.442 Loading class java/util/concurrent/atomic/AtomicMarkableReference done
Event: 8.442 Loading class java/util/concurrent/atomic/AtomicStampedReference
Event: 8.442 Loading class java/util/concurrent/atomic/AtomicStampedReference done
Event: 8.442 Loading class java/util/concurrent/atomic/DoubleAccumulator
Event: 8.442 Loading class java/util/concurrent/atomic/DoubleAccumulator done
Event: 8.442 Loading class java/util/concurrent/atomic/DoubleAdder
Event: 8.442 Loading class java/util/concurrent/atomic/DoubleAdder done
Event: 8.442 Loading class java/util/concurrent/atomic/LongAccumulator
Event: 8.442 Loading class java/util/concurrent/atomic/LongAccumulator done

Classes unloaded (0 events):
No events

Classes redefined (1 events):
Event: 52.333 Thread 0x00000217f72555d0 redefined class name=gamepiece.admin.game.controller.GameListController, count=1

Internal exceptions (20 events):
Event: 8.316 Thread 0x00000217fe34b7c0 Exception <a 'java/lang/ClassNotFoundException'{0x000000070777a010}: java/util/Collections$UnmodifiableRandomAccessListBeanInfo> (0x000000070777a010) 
thrown [s\src\hotspot\share\classfile\systemDictionary.cpp, line 312]
Event: 8.317 Thread 0x00000217fe34b7c0 Exception <a 'java/lang/ClassNotFoundException'{0x000000070777eb50}: java/util/Collections$UnmodifiableListBeanInfo> (0x000000070777eb50) 
thrown [s\src\hotspot\share\classfile\systemDictionary.cpp, line 312]
Event: 8.317 Thread 0x00000217fe34b7c0 Exception <a 'java/lang/ClassNotFoundException'{0x0000000707783668}: java/util/Collections$UnmodifiableListCustomizer> (0x0000000707783668) 
thrown [s\src\hotspot\share\classfile\systemDictionary.cpp, line 312]
Event: 8.319 Thread 0x00000217fe34b7c0 Exception <a 'java/lang/ClassNotFoundException'{0x00000007077c58f8}: java/util/Collections$UnmodifiableRandomAccessListCustomizer> (0x00000007077c58f8) 
thrown [s\src\hotspot\share\classfile\systemDictionary.cpp, line 312]
Event: 8.402 Thread 0x00000217fe34b7c0 Exception <a 'java/lang/ClassNotFoundException'{0x00000007073e8b30}: org/thymeleaf/model/AttributeValueQuotesBeanInfo> (0x00000007073e8b30) 
thrown [s\src\hotspot\share\classfile\systemDictionary.cpp, line 312]
Event: 8.403 Thread 0x00000217fe34b7c0 Exception <a 'java/lang/ClassNotFoundException'{0x00000007073f0ea0}: org/thymeleaf/model/AttributeValueQuotesCustomizer> (0x00000007073f0ea0) 
thrown [s\src\hotspot\share\classfile\systemDictionary.cpp, line 312]
Event: 8.404 Thread 0x00000217fe34b7c0 Exception <a 'java/lang/NoSuchMethodError'{0x00000007073f8738}: 'java.lang.Object java.lang.invoke.DirectMethodHandle$Holder.invokeInterface(java.lang.Object, java.lang.Object, java.lang.Object, java.lang.Object, java.lang.Object, int)'> (0x00000007073f8738) 
thrown [s\src\hotspot\share\interpreter\linkResolver.cpp, line 773]
Event: 8.407 Thread 0x00000217fe34b7c0 Exception <a 'java/lang/NoSuchMethodError'{0x000000070703c668}: 'java.lang.Object java.lang.invoke.Invokers$Holder.linkToCallSite(java.lang.Object, java.lang.Object, int, java.lang.Object)'> (0x000000070703c668) 
thrown [s\src\hotspot\share\interpreter\linkResolver.cpp, line 773]
Event: 8.409 Thread 0x00000217fe34b7c0 Exception <a 'java/lang/ClassNotFoundException'{0x0000000707052e98}: org/thymeleaf/engine/ElementTagStructureHandlerBeanInfo> (0x0000000707052e98) 
thrown [s\src\hotspot\share\classfile\systemDictionary.cpp, line 312]
Event: 8.410 Thread 0x00000217fe34b7c0 Exception <a 'java/lang/ClassNotFoundException'{0x000000070705b510}: org/thymeleaf/engine/ElementTagStructureHandlerCustomizer> (0x000000070705b510) 
thrown [s\src\hotspot\share\classfile\systemDictionary.cpp, line 312]
Event: 8.411 Thread 0x00000217fe34fff0 Exception <a 'java/lang/NoSuchMethodError'{0x0000000707153118}: 'java.lang.Object java.lang.invoke.DirectMethodHandle$Holder.invokeStatic(java.lang.Object, int, int)'> (0x0000000707153118) 
thrown [s\src\hotspot\share\interpreter\linkResolver.cpp, line 773]
Event: 8.411 Thread 0x00000217fe34b7c0 Exception <a 'java/lang/NoSuchMethodError'{0x000000070706f5e0}: 'void java.lang.invoke.DirectMethodHandle$Holder.invokeInterface(java.lang.Object, java.lang.Object, java.lang.Object, int)'> (0x000000070706f5e0) 
thrown [s\src\hotspot\share\interpreter\linkResolver.cpp, line 773]
Event: 8.411 Thread 0x00000217fe34c4e0 Exception <a 'java/lang/NoSuchMethodError'{0x0000000707159560}: 'java.lang.Object java.lang.invoke.DirectMethodHandle$Holder.invokeStatic(java.lang.Object, int, int)'> (0x0000000707159560) 
thrown [s\src\hotspot\share\interpreter\linkResolver.cpp, line 773]
Event: 8.411 Thread 0x00000217fe34a410 Exception <a 'java/lang/NoSuchMethodError'{0x00000007071ab2e8}: 'java.lang.Object java.lang.invoke.DirectMethodHandle$Holder.invokeStatic(java.lang.Object, int, int)'> (0x00000007071ab2e8) 
thrown [s\src\hotspot\share\interpreter\linkResolver.cpp, line 773]
Event: 8.411 Thread 0x00000217fe34b130 Exception <a 'java/lang/NoSuchMethodError'{0x0000000707174888}: 'java.lang.Object java.lang.invoke.DirectMethodHandle$Holder.invokeStatic(java.lang.Object, int, int)'> (0x0000000707174888) 
thrown [s\src\hotspot\share\interpreter\linkResolver.cpp, line 773]
Event: 8.411 Thread 0x00000217fe3496f0 Exception <a 'java/lang/NoSuchMethodError'{0x000000070718fdd0}: 'java.lang.Object java.lang.invoke.DirectMethodHandle$Holder.invokeStatic(java.lang.Object, int, int)'> (0x000000070718fdd0) 
thrown [s\src\hotspot\share\interpreter\linkResolver.cpp, line 773]
Event: 8.411 Thread 0x00000217fe34b7c0 Exception <a 'java/lang/NoSuchMethodError'{0x0000000707073690}: 'void java.lang.invoke.DirectMethodHandle$Holder.invokeSpecial(java.lang.Object, java.lang.Object, java.lang.Object, java.lang.Object, int)'> (0x0000000707073690) 
thrown [s\src\hotspot\share\interpreter\linkResolver.cpp, line 773]
Event: 8.411 Thread 0x00000217fe34b7c0 Exception <a 'java/lang/NoSuchMethodError'{0x00000007070770e8}: 'void java.lang.invoke.DelegatingMethodHandle$Holder.reinvoke_L(java.lang.Object, java.lang.Object, java.lang.Object, int)'> (0x00000007070770e8) 
thrown [s\src\hotspot\share\interpreter\linkResolver.cpp, line 773]
Event: 8.412 Thread 0x00000217fe34b7c0 Exception <a 'java/lang/NoSuchMethodError'{0x0000000707080b70}: 'java.lang.Object java.lang.invoke.DelegatingMethodHandle$Holder.delegate(java.lang.Object, java.lang.Object, java.lang.Object, java.lang.Object, int)'> (0x0000000707080b70) 
thrown [s\src\hotspot\share\interpreter\linkResolver.cpp, line 773]
Event: 8.412 Thread 0x00000217fe34b7c0 Exception <a 'java/lang/NoSuchMethodError'{0x000000070708ff48}: 'int java.lang.invoke.DirectMethodHandle$Holder.invokeSpecial(java.lang.Object, java.lang.Object, java.lang.Object, java.lang.Object, int)'> (0x000000070708ff48) 
thrown [s\src\hotspot\share\interpreter\linkResolver.cpp, line 773]

ZGC Phase Switch (0 events):
No events

VM Operations (20 events):
Event: 39.590 Executing VM operation: get/set locals
Event: 39.590 Executing VM operation: get/set locals done
Event: 39.591 Executing VM operation: get/set locals
Event: 39.591 Executing VM operation: get/set locals done
Event: 39.824 Executing VM operation: G1CollectForAllocation (G1 Evacuation Pause)
Event: 39.834 Executing VM operation: G1CollectForAllocation (G1 Evacuation Pause) done
Event: 39.842 Executing VM operation: get/set locals
Event: 39.842 Executing VM operation: get/set locals done
Event: 39.842 Executing VM operation: get/set locals
Event: 39.842 Executing VM operation: get/set locals done
Event: 52.308 Executing VM operation: ChangeSingleStep
Event: 52.308 Executing VM operation: ChangeSingleStep done
Event: 52.309 Executing VM operation: ChangeSingleStep
Event: 52.309 Executing VM operation: ChangeSingleStep done
Event: 52.327 Executing VM operation: RedefineClasses
Event: 52.346 Executing VM operation: RedefineClasses done
Event: 52.359 Executing VM operation: ChangeBreakpoints
Event: 52.362 Executing VM operation: ChangeBreakpoints done
Event: 52.365 Executing VM operation: ChangeSingleStep
Event: 52.365 Executing VM operation: ChangeSingleStep done

Memory protections (0 events):
No events

Nmethod flushes (20 events):
Event: 4.170 Thread 0x00000217f72555d0 flushing  nmethod 0x00000217ec8db190
Event: 4.170 Thread 0x00000217f72555d0 flushing  nmethod 0x00000217ec6d8410
Event: 4.170 Thread 0x00000217f72555d0 flushing  nmethod 0x00000217ec6a0d90
Event: 4.170 Thread 0x00000217f72555d0 flushing  nmethod 0x00000217ec6a1110
Event: 4.170 Thread 0x00000217f72555d0 flushing  nmethod 0x00000217ec5f5c90
Event: 4.170 Thread 0x00000217f72555d0 flushing  nmethod 0x00000217ec5f5f90
Event: 4.170 Thread 0x00000217f72555d0 flushing  nmethod 0x00000217ec7a8410
Event: 4.170 Thread 0x00000217f72555d0 flushing  nmethod 0x00000217ec7ab490
Event: 4.170 Thread 0x00000217f72555d0 flushing  nmethod 0x00000217ec7aca90
Event: 4.170 Thread 0x00000217f72555d0 flushing  nmethod 0x00000217ec804990
Event: 4.170 Thread 0x00000217f72555d0 flushing  nmethod 0x00000217ec895710
Event: 4.170 Thread 0x00000217f72555d0 flushing  nmethod 0x00000217ec95c310
Event: 4.170 Thread 0x00000217f72555d0 flushing  nmethod 0x00000217ecb4b610
Event: 4.170 Thread 0x00000217f72555d0 flushing  nmethod 0x00000217ecb4ba10
Event: 4.170 Thread 0x00000217f72555d0 flushing  nmethod 0x00000217ecb4c290
Event: 4.170 Thread 0x00000217f72555d0 flushing  nmethod 0x00000217ec6f6390
Event: 4.170 Thread 0x00000217f72555d0 flushing  nmethod 0x00000217ec6fa410
Event: 4.170 Thread 0x00000217f72555d0 flushing  nmethod 0x00000217ec92be10
Event: 4.170 Thread 0x00000217f72555d0 flushing  nmethod 0x00000217ec6ddf90
Event: 4.170 Thread 0x00000217f72555d0 flushing  nmethod 0x00000217ec929190

Events (20 events):
Event: 4.188 Thread 0x00000217e87babe0 Thread exited: 0x00000217e87babe0
Event: 4.188 Thread 0x00000217fe349060 Thread added: 0x00000217fe349060
Event: 4.714 Thread 0x00000217fcdaba30 Thread added: 0x00000217fe350680
Event: 4.715 Thread 0x00000217fc6b7560 Thread added: 0x00000217fe34be50
Event: 4.716 Thread 0x00000217fc6b7560 Thread added: 0x00000217fe34df20
Event: 4.717 Thread 0x00000217fc6b7560 Thread added: 0x00000217fe34ec40
Event: 4.717 Thread 0x00000217fcdaba30 Thread added: 0x00000217fe34e5b0
Event: 4.718 Thread 0x00000217fc6a1fe0 Thread added: 0x00000217fc4d1770
Event: 4.719 Thread 0x00000217fc4d1770 Thread added: 0x00000217fc4d31b0
Event: 4.719 Thread 0x00000217fc6a1fe0 Thread added: 0x00000217fc4cd5d0
Event: 4.719 Thread 0x00000217fc6a1fe0 Thread added: 0x00000217fc4d4bf0
Event: 4.720 Thread 0x00000217fc4d4bf0 Thread added: 0x00000217fc4ce2f0
Event: 4.724 Thread 0x00000217fc4d31b0 Thread exited: 0x00000217fc4d31b0
Event: 4.724 Thread 0x00000217fc4ce2f0 Thread exited: 0x00000217fc4ce2f0
Event: 5.740 Thread 0x00000217fe350680 Thread exited: 0x00000217fe350680
Event: 5.741 Thread 0x00000217fe34e5b0 Thread exited: 0x00000217fe34e5b0
Event: 11.329 Thread 0x00000217f7440150 Thread exited: 0x00000217f7440150
Event: 11.329 Thread 0x00000217f74415c0 Thread exited: 0x00000217f74415c0
Event: 12.348 Thread 0x00000217fcdc4380 Thread exited: 0x00000217fcdc4380
Event: 16.467 Thread 0x00000217f743fa80 Thread exited: 0x00000217f743fa80


Dynamic libraries:
0x00007ff626600000 - 0x00007ff62660e000 	D:\gamepiece\sts-4.26.0.RELEASE\plugins\org.eclipse.justj.openjdk.hotspot.jre.full.win32.x86_64_21.0.4.v20240802-1551\jre\bin\javaw.exe
0x00007fffd7230000 - 0x00007fffd7428000 	C:\WINDOWS\SYSTEM32\ntdll.dll
0x00007fffd6170000 - 0x00007fffd6232000 	C:\WINDOWS\System32\KERNEL32.DLL
0x00007fffd4b70000 - 0x00007fffd4e6e000 	C:\WINDOWS\System32\KERNELBASE.dll
0x00007fffd4a70000 - 0x00007fffd4b70000 	C:\WINDOWS\System32\ucrtbase.dll
0x00007fffc5520000 - 0x00007fffc5538000 	D:\gamepiece\sts-4.26.0.RELEASE\plugins\org.eclipse.justj.openjdk.hotspot.jre.full.win32.x86_64_21.0.4.v20240802-1551\jre\bin\jli.dll
0x00007fffc4d50000 - 0x00007fffc4d6b000 	D:\gamepiece\sts-4.26.0.RELEASE\plugins\org.eclipse.justj.openjdk.hotspot.jre.full.win32.x86_64_21.0.4.v20240802-1551\jre\bin\VCRUNTIME140.dll
0x00007fffd6240000 - 0x00007fffd63dd000 	C:\WINDOWS\System32\USER32.dll
0x00007fffd4920000 - 0x00007fffd4942000 	C:\WINDOWS\System32\win32u.dll
0x00007fffbb2d0000 - 0x00007fffbb56a000 	C:\WINDOWS\WinSxS\amd64_microsoft.windows.common-controls_6595b64144ccf1df_6.0.19041.4355_none_60b8b9eb71f62e16\COMCTL32.dll
0x00007fffd70c0000 - 0x00007fffd70eb000 	C:\WINDOWS\System32\GDI32.dll
0x00007fffd6a10000 - 0x00007fffd6aae000 	C:\WINDOWS\System32\msvcrt.dll
0x00007fffd4950000 - 0x00007fffd4a67000 	C:\WINDOWS\System32\gdi32full.dll
0x00007fffd4ea0000 - 0x00007fffd4f3d000 	C:\WINDOWS\System32\msvcp_win.dll
0x00007fffd71c0000 - 0x00007fffd71ef000 	C:\WINDOWS\System32\IMM32.DLL
0x00007fffc5750000 - 0x00007fffc575c000 	D:\gamepiece\sts-4.26.0.RELEASE\plugins\org.eclipse.justj.openjdk.hotspot.jre.full.win32.x86_64_21.0.4.v20240802-1551\jre\bin\vcruntime140_1.dll
0x00007fffb8540000 - 0x00007fffb85ce000 	D:\gamepiece\sts-4.26.0.RELEASE\plugins\org.eclipse.justj.openjdk.hotspot.jre.full.win32.x86_64_21.0.4.v20240802-1551\jre\bin\msvcp140.dll
0x00007fff67560000 - 0x00007fff682e8000 	D:\gamepiece\sts-4.26.0.RELEASE\plugins\org.eclipse.justj.openjdk.hotspot.jre.full.win32.x86_64_21.0.4.v20240802-1551\jre\bin\server\jvm.dll
0x00007fffd6ab0000 - 0x00007fffd6b61000 	C:\WINDOWS\System32\ADVAPI32.dll
0x00007fffd5c20000 - 0x00007fffd5cbf000 	C:\WINDOWS\System32\sechost.dll
0x00007fffd5e70000 - 0x00007fffd5f93000 	C:\WINDOWS\System32\RPCRT4.dll
0x00007fffd4e70000 - 0x00007fffd4e97000 	C:\WINDOWS\System32\bcrypt.dll
0x00007fffd6050000 - 0x00007fffd60bb000 	C:\WINDOWS\System32\WS2_32.dll
0x00007fffd4730000 - 0x00007fffd477b000 	C:\WINDOWS\SYSTEM32\POWRPROF.dll
0x00007fffbe8a0000 - 0x00007fffbe8c7000 	C:\WINDOWS\SYSTEM32\WINMM.dll
0x00007fffcfa50000 - 0x00007fffcfa5a000 	C:\WINDOWS\SYSTEM32\VERSION.dll
0x00007fffd4710000 - 0x00007fffd4722000 	C:\WINDOWS\SYSTEM32\UMPDC.dll
0x00007fffd2770000 - 0x00007fffd2782000 	C:\WINDOWS\SYSTEM32\kernel.appcore.dll
0x00007fffd1d20000 - 0x00007fffd1d2a000 	D:\gamepiece\sts-4.26.0.RELEASE\plugins\org.eclipse.justj.openjdk.hotspot.jre.full.win32.x86_64_21.0.4.v20240802-1551\jre\bin\jimage.dll
0x00007fffc0d60000 - 0x00007fffc0f44000 	C:\WINDOWS\SYSTEM32\DBGHELP.DLL
0x00007fffc0d20000 - 0x00007fffc0d54000 	C:\WINDOWS\SYSTEM32\dbgcore.DLL
0x00007fffd5060000 - 0x00007fffd50e2000 	C:\WINDOWS\System32\bcryptPrimitives.dll
0x00007fffc2ef0000 - 0x00007fffc2f2c000 	D:\gamepiece\sts-4.26.0.RELEASE\plugins\org.eclipse.justj.openjdk.hotspot.jre.full.win32.x86_64_21.0.4.v20240802-1551\jre\bin\jdwp.dll
0x00007fffccbb0000 - 0x00007fffccbbf000 	D:\gamepiece\sts-4.26.0.RELEASE\plugins\org.eclipse.justj.openjdk.hotspot.jre.full.win32.x86_64_21.0.4.v20240802-1551\jre\bin\instrument.dll
0x00007fffc73c0000 - 0x00007fffc73df000 	D:\gamepiece\sts-4.26.0.RELEASE\plugins\org.eclipse.justj.openjdk.hotspot.jre.full.win32.x86_64_21.0.4.v20240802-1551\jre\bin\java.dll
0x00007fffc4eb0000 - 0x00007fffc4ec8000 	D:\gamepiece\sts-4.26.0.RELEASE\plugins\org.eclipse.justj.openjdk.hotspot.jre.full.win32.x86_64_21.0.4.v20240802-1551\jre\bin\zip.dll
0x00007fffd54a0000 - 0x00007fffd5c0d000 	C:\WINDOWS\System32\SHELL32.dll
0x00007fffd2970000 - 0x00007fffd3114000 	C:\WINDOWS\SYSTEM32\windows.storage.dll
0x00007fffd6d00000 - 0x00007fffd7053000 	C:\WINDOWS\System32\combase.dll
0x00007fffd4230000 - 0x00007fffd425e000 	C:\WINDOWS\SYSTEM32\Wldp.dll
0x00007fffd6940000 - 0x00007fffd6a0d000 	C:\WINDOWS\System32\OLEAUT32.dll
0x00007fffd60c0000 - 0x00007fffd616d000 	C:\WINDOWS\System32\SHCORE.dll
0x00007fffd7060000 - 0x00007fffd70b5000 	C:\WINDOWS\System32\shlwapi.dll
0x00007fffd4800000 - 0x00007fffd4824000 	C:\WINDOWS\SYSTEM32\profapi.dll
0x00007fffd1a20000 - 0x00007fffd1a2b000 	D:\gamepiece\sts-4.26.0.RELEASE\plugins\org.eclipse.justj.openjdk.hotspot.jre.full.win32.x86_64_21.0.4.v20240802-1551\jre\bin\dt_socket.dll
0x00007fffd3c70000 - 0x00007fffd3cab000 	C:\WINDOWS\SYSTEM32\IPHLPAPI.DLL
0x00007fffd3f90000 - 0x00007fffd3ffa000 	C:\WINDOWS\system32\mswsock.dll
0x00007fffd3cb0000 - 0x00007fffd3d7a000 	C:\WINDOWS\SYSTEM32\DNSAPI.dll
0x00007fffd71b0000 - 0x00007fffd71b8000 	C:\WINDOWS\System32\NSI.dll
0x00007fffcbc30000 - 0x00007fffcbc3a000 	C:\Windows\System32\rasadhlp.dll
0x00007fffcb840000 - 0x00007fffcb8c0000 	C:\WINDOWS\System32\fwpuclnt.dll
0x00007fffcbc00000 - 0x00007fffcbc10000 	D:\gamepiece\sts-4.26.0.RELEASE\plugins\org.eclipse.justj.openjdk.hotspot.jre.full.win32.x86_64_21.0.4.v20240802-1551\jre\bin\net.dll
0x00007fffcee20000 - 0x00007fffcef2d000 	C:\WINDOWS\SYSTEM32\WINHTTP.dll
0x00007fffc4e90000 - 0x00007fffc4ea6000 	D:\gamepiece\sts-4.26.0.RELEASE\plugins\org.eclipse.justj.openjdk.hotspot.jre.full.win32.x86_64_21.0.4.v20240802-1551\jre\bin\nio.dll
0x00007fffc2e80000 - 0x00007fffc2e8a000 	D:\gamepiece\sts-4.26.0.RELEASE\plugins\org.eclipse.justj.openjdk.hotspot.jre.full.win32.x86_64_21.0.4.v20240802-1551\jre\bin\management.dll
0x00007fffc28b0000 - 0x00007fffc28bb000 	D:\gamepiece\sts-4.26.0.RELEASE\plugins\org.eclipse.justj.openjdk.hotspot.jre.full.win32.x86_64_21.0.4.v20240802-1551\jre\bin\management_ext.dll
0x00007fffd5c10000 - 0x00007fffd5c18000 	C:\WINDOWS\System32\PSAPI.DLL
0x00007fffaf600000 - 0x00007fffaf617000 	C:\WINDOWS\system32\napinsp.dll
0x00007fffaf5e0000 - 0x00007fffaf5fb000 	C:\WINDOWS\system32\pnrpnsp.dll
0x00007fffbcdb0000 - 0x00007fffbcdc5000 	C:\WINDOWS\system32\wshbth.dll
0x00007fffd1a30000 - 0x00007fffd1a4d000 	C:\WINDOWS\system32\NLAapi.dll
0x00007fffad9f0000 - 0x00007fffada02000 	C:\WINDOWS\System32\winrnr.dll
0x00007fffd4190000 - 0x00007fffd41a8000 	C:\WINDOWS\SYSTEM32\CRYPTSP.dll
0x00007fffd38b0000 - 0x00007fffd38e4000 	C:\WINDOWS\system32\rsaenh.dll
0x00007fffd47c0000 - 0x00007fffd47ee000 	C:\WINDOWS\SYSTEM32\USERENV.dll
0x00007fffd4180000 - 0x00007fffd418c000 	C:\WINDOWS\SYSTEM32\CRYPTBASE.dll
0x00007fffc32b0000 - 0x00007fffc32b9000 	D:\gamepiece\sts-4.26.0.RELEASE\plugins\org.eclipse.justj.openjdk.hotspot.jre.full.win32.x86_64_21.0.4.v20240802-1551\jre\bin\extnet.dll
0x00007fffc7440000 - 0x00007fffc7450000 	D:\gamepiece\sts-4.26.0.RELEASE\plugins\org.eclipse.justj.openjdk.hotspot.jre.full.win32.x86_64_21.0.4.v20240802-1551\jre\bin\verify.dll
0x00007fffc5b10000 - 0x00007fffc5b1e000 	D:\gamepiece\sts-4.26.0.RELEASE\plugins\org.eclipse.justj.openjdk.hotspot.jre.full.win32.x86_64_21.0.4.v20240802-1551\jre\bin\sunmscapi.dll
0x00007fffd50f0000 - 0x00007fffd524c000 	C:\WINDOWS\System32\CRYPT32.dll
0x00007fffd42a0000 - 0x00007fffd42c7000 	C:\WINDOWS\SYSTEM32\ncrypt.dll
0x00007fffd4260000 - 0x00007fffd429b000 	C:\WINDOWS\SYSTEM32\NTASN1.dll
0x00007fffc4b30000 - 0x00007fffc4b37000 	C:\WINDOWS\system32\wshunix.dll

dbghelp: loaded successfully - version: 4.0.5 - missing functions: none
symbol engine: initialized successfully - sym options: 0x614 - pdb path: .;D:\gamepiece\sts-4.26.0.RELEASE\plugins\org.eclipse.justj.openjdk.hotspot.jre.full.win32.x86_64_21.0.4.v20240802-1551\jre\bin;C:\WINDOWS\SYSTEM32;C:\WINDOWS\WinSxS\amd64_microsoft.windows.common-controls_6595b64144ccf1df_6.0.19041.4355_none_60b8b9eb71f62e16;D:\gamepiece\sts-4.26.0.RELEASE\plugins\org.eclipse.justj.openjdk.hotspot.jre.full.win32.x86_64_21.0.4.v20240802-1551\jre\bin\server

VM Arguments:
jvm_args: -XX:+ShowCodeDetailsInExceptionMessages -agentlib:jdwp=transport=dt_socket,suspend=y,address=localhost:62705 -Dcom.sun.management.jmxremote -Dcom.sun.management.jmxremote.port=62704 -Dcom.sun.management.jmxremote.authenticate=false -Dcom.sun.management.jmxremote.ssl=false -Djava.rmi.server.hostname=localhost -Dspring.jmx.enabled=true -Dmanagement.endpoints.jmx.exposure.include=* -Dspring.application.admin.enabled=true -XX:TieredStopAtLevel=1 -Dspring.boot.project.name=gamepiece_gamepiece -javaagent:D:\gamepiece\sts-4.26.0.RELEASE\configuration\org.eclipse.osgi\271\0\.cp\lib\javaagent-shaded.jar -Dfile.encoding=UTF-8 -Dstdout.encoding=UTF-8 -Dstderr.encoding=UTF-8 
java_command: gamepiece.GamepieceApplication --spring.output.ansi.enabled=always
java_class_path (initial): C:\Users\ksmart\git\gamepiece\gamepiece\target\classes;C:\Users\ksmart\.m2\repository\org\springframework\boot\spring-boot-starter-thymeleaf\3.4.1\spring-boot-starter-thymeleaf-3.4.1.jar;C:\Users\ksmart\.m2\repository\org\springframework\boot\spring-boot-starter\3.4.1\spring-boot-starter-3.4.1.jar;C:\Users\ksmart\.m2\repository\org\springframework\boot\spring-boot-starter-logging\3.4.1\spring-boot-starter-logging-3.4.1.jar;C:\Users\ksmart\.m2\repository\ch\qos\logback\logback-classic\1.5.12\logback-classic-1.5.12.jar;C:\Users\ksmart\.m2\repository\ch\qos\logback\logback-core\1.5.12\logback-core-1.5.12.jar;C:\Users\ksmart\.m2\repository\org\apache\logging\log4j\log4j-to-slf4j\2.24.3\log4j-to-slf4j-2.24.3.jar;C:\Users\ksmart\.m2\repository\org\apache\logging\log4j\log4j-api\2.24.3\log4j-api-2.24.3.jar;C:\Users\ksmart\.m2\repository\org\slf4j\jul-to-slf4j\2.0.16\jul-to-slf4j-2.0.16.jar;C:\Users\ksmart\.m2\repository\jakarta\annotation\jakarta.annotation-api\2.1.1\jakarta.annotation-api-2.1.1.jar;C:\Users\ksmart\.m2\repository\org\yaml\snakeyaml\2.3\snakeyaml-2.3.jar;C:\Users\ksmart\.m2\repository\org\thymeleaf\thymeleaf-spring6\3.1.3.RELEASE\thymeleaf-spring6-3.1.3.RELEASE.jar;C:\Users\ksmart\.m2\repository\org\springframework\boot\spring-boot-starter-web\3.4.1\spring-boot-starter-web-3.4.1.jar;C:\Users\ksmart\.m2\repository\org\springframework\boot\spring-boot-starter-json\3.4.1\spring-boot-starter-json-3.4.1.jar;C:\Users\ksmart\.m2\repository\com\fasterxml\jackson\core\jackson-databind\2.18.2\jackson-databind-2.18.2.jar;C:\Users\ksmart\.m2\repository\com\fasterxml\jackson\core\jackson-annotations\2.18.2\jackson-annotations-2.18.2.jar;C:\Users\ksmart\.m2\repository\com\fasterxml\jackson\core\jackson-core\2.18.2\jackson-core-2.18.2.jar;C:\Users\ksmart\.m2\repository\com\fasterxml\jackson\datatype\jackson-datatype-jdk8\2.18.2\jackson-datatype-jdk8-2.18.2.jar;C:\Users\ksmart\.m2\repository\com\fasterxml\jackson\datatype\jackson-datatype-jsr310\2.18.2\jackson-datatype-jsr310-2.18.2.jar;C:\Users\ksmart\.m2\repository\com\fasterxml\jackson\module\jackson-module-parameter-names\2.18.2\jackson-module-parameter-names-2.18.2.jar;C:\Users\ksmart\.m2\repository\org\springframework\boot\spring-boot-starter-tomcat\3.4.1\spring-boot-starter-tomcat-3.4.1.jar;C:\Users\ksmart\.m2\repository\org\apache\tomcat\embed\tomcat-embed-core\10.1.34\tomcat-embed-core-10.1.34.jar;C:\Users\ksmart\.m2\repository\org\apache\tomcat\embed\tomcat-embed-el\10.1.34\tomcat-embed-el-10.1.34.jar;C:\Users\ksmart\.m2\repository\org\apache\tomcat\embed\tomcat-embed-websocket\10.1.34\tomcat-embed-websocket-10.1.34.jar;C:\Users\ksmart\.m2\repository\org\springframework\spring-web\6.2.1\spring-web-6.2.1.jar;C:\Users\ksmart\.m2\repository\org\springframework\spring-beans\6.2.1\spring-beans-6.2.1.jar;C:\Users\ksmart\.m2\repository\io\micrometer\micrometer-observation\1.14.2\micrometer-observation-1.14.2.jar;C:\Users\ksmart\.m2\repository\io\micrometer\micrometer-commons\1.14.2\micrometer-commons-1.14.2.jar;C:\Users\ksmart\.m2\repository\org\springframework\spring-webmvc\6.2.1\spring-webmvc-6.2.1.jar;C:\Users\ksmart\.m2\repository\org\springframework\spring-aop\6.2.1\spring-aop-6.2.1.jar;C:\Users\ksmart\.m2\repository\org\springframework\spring-context\6.2.1\spring-context-6.2.1.jar;C:\Users\ksmart\.m2\repository\org\springframework\spring-expression\6.2.1\spring-expression-6.2.1.jar;C:\Users\ksmart\.m2\repository\org\springframework\boot\spring-boot-devtools\3.4.1\spring-boot-devtools-3.4.1.jar;C:\Users\ksmart\.m2\repository\org\springframework\boot\spring-boot\3.4.1\spring-boot-3.4.1.jar;C:\Users\ksmart\.m2\repository\org\springframework\boot\spring-boot-autoconfigure\3.4.1\spring-boot-autoconfigure-3.4.1.jar;C:\Users\ksmart\.m2\repository\org\springframework\spring-core\6.2.1\spring-core-6.2.1.jar;C:\Users\ksmart\.m2\repository\org\springframework\spring-jcl\6.2.1\spring-jcl-6.2.1.jar;C:\Users\ksmart\.m2\repository\nz\net\ultraq\thymeleaf\thymeleaf-layout-dialect\3.3.0\thymeleaf-layout-dialect-3.3.0.jar;C:\Users\ksmart\.m2\repository\org\apache\groovy\groovy\4.0.24\groovy-4.0.24.jar;C:\Users\ksmart\.m2\repository\nz\net\ultraq\groovy\groovy-extensions\2.1.0\groovy-extensions-2.1.0.jar;C:\Users\ksmart\.m2\repository\nz\net\ultraq\thymeleaf\thymeleaf-expression-processor\3.2.0\thymeleaf-expression-processor-3.2.0.jar;C:\Users\ksmart\.m2\repository\org\thymeleaf\thymeleaf\3.1.3.RELEASE\thymeleaf-3.1.3.RELEASE.jar;C:\Users\ksmart\.m2\repository\ognl\ognl\3.3.4\ognl-3.3.4.jar;C:\Users\ksmart\.m2\repository\org\javassist\javassist\3.29.0-GA\javassist-3.29.0-GA.jar;C:\Users\ksmart\.m2\repository\org\attoparser\attoparser\2.0.7.RELEASE\attoparser-2.0.7.RELEASE.jar;C:\Users\ksmart\.m2\repository\org\unbescape\unbescape\1.1.6.RELEASE\unbescape-1.1.6.RELEASE.jar;C:\Users\ksmart\.m2\repository\org\slf4j\slf4j-api\2.0.16\slf4j-api-2.0.16.jar;C:\Users\ksmart\.m2\repository\org\springframework\boot\spring-boot-starter-data-jdbc\3.4.1\spring-boot-starter-data-jdbc-3.4.1.jar;C:\Users\ksmart\.m2\repository\org\springframework\boot\spring-boot-starter-jdbc\3.4.1\spring-boot-starter-jdbc-3.4.1.jar;C:\Users\ksmart\.m2\repository\com\zaxxer\HikariCP\5.1.0\HikariCP-5.1.0.jar;C:\Users\ksmart\.m2\repository\org\springframework\spring-jdbc\6.2.1\spring-jdbc-6.2.1.jar;C:\Users\ksmart\.m2\repository\org\springframework\data\spring-data-jdbc\3.4.1\spring-data-jdbc-3.4.1.jar;C:\Users\ksmart\.m2\repository\org\springframework\data\spring-data-relational\3.4.1\spring-data-relational-3.4.1.jar;C:\Users\ksmart\.m2\repository\org\springframework\data\spring-data-commons\3.4.1\spring-data-commons-3.4.1.jar;C:\Users\ksmart\.m2\repository\org\springframework\spring-tx\6.2.1\spring-tx-6.2.1.jar;C:\Users\ksmart\.m2\repository\org\mybatis\spring\boot\mybatis-spring-boot-starter\3.0.4\mybatis-spring-boot-starter-3.0.4.jar;C:\Users\ksmart\.m2\repository\org\mybatis\spring\boot\mybatis-spring-boot-autoconfigure\3.0.4\mybatis-spring-boot-autoconfigure-3.0.4.jar;C:\Users\ksmart\.m2\repository\org\mybatis\mybatis\3.5.17\mybatis-3.5.17.jar;C:\Users\ksmart\.m2\repository\org\mybatis\mybatis-spring\3.0.4\mybatis-spring-3.0.4.jar;C:\Users\ksmart\.m2\repository\com\mysql\mysql-connector-j\9.1.0\mysql-connector-j-9.1.0.jar;C:\Users\ksmart\.m2\repository\org\projectlombok\lombok\1.18.36\lombok-1.18.36.jar
Launcher Type: SUN_STANDARD

[Global flags]
     intx CICompilerCount                          = 4                                         {product} {ergonomic}
     uint ConcGCThreads                            = 3                                         {product} {ergonomic}
     uint G1ConcRefinementThreads                  = 10                                        {product} {ergonomic}
   size_t G1HeapRegionSize                         = 2097152                                   {product} {ergonomic}
    uintx GCDrainStackTargetSize                   = 64                                        {product} {ergonomic}
   size_t InitialHeapSize                          = 266338304                                 {product} {ergonomic}
     bool ManagementServer                         = true                                      {product} {command line}
   size_t MarkStackSize                            = 4194304                                   {product} {ergonomic}
   size_t MaxHeapSize                              = 4246732800                                {product} {ergonomic}
   size_t MaxNewSize                               = 2548039680                                {product} {ergonomic}
   size_t MinHeapDeltaBytes                        = 2097152                                   {product} {ergonomic}
   size_t MinHeapSize                              = 8388608                                   {product} {ergonomic}
    uintx NonNMethodCodeHeapSize                   = 4096                                   {pd product} {ergonomic}
    uintx NonProfiledCodeHeapSize                  = 0                                      {pd product} {ergonomic}
     bool ProfileInterpreter                       = false                                  {pd product} {command line}
    uintx ProfiledCodeHeapSize                     = 0                                      {pd product} {ergonomic}
     bool ShowCodeDetailsInExceptionMessages       = true                                   {manageable} {command line}
   size_t SoftMaxHeapSize                          = 4246732800                             {manageable} {ergonomic}
     intx TieredStopAtLevel                        = 1                                         {product} {command line}
     bool UseCompressedOops                        = true                           {product lp64_product} {ergonomic}
     bool UseG1GC                                  = true                                      {product} {ergonomic}
     bool UseLargePagesIndividualAllocation        = false                                  {pd product} {ergonomic}

Logging:
Log output configuration:
 #0: stdout all=warning uptime,level,tags foldmultilines=false
 #1: stderr all=off uptime,level,tags foldmultilines=false

Environment Variables:
JAVA_HOME=C:\Users\ksmart\Desktop\jdk-17.0.12\bin
PATH=D:\gamepiece\sts-4.26.0.RELEASE\plugins\org.eclipse.justj.openjdk.hotspot.jre.full.win32.x86_64_21.0.4.v20240802-1551\jre\bin;D:/gamepiece/sts-4.26.0.RELEASE//plugins/org.eclipse.justj.openjdk.hotspot.jre.full.win32.x86_64_21.0.4.v20240802-1551/jre/bin/server;D:/gamepiece/sts-4.26.0.RELEASE//plugins/org.eclipse.justj.openjdk.hotspot.jre.full.win32.x86_64_21.0.4.v20240802-1551/jre/bin;C:\WINDOWS\system32;C:\WINDOWS;C:\WINDOWS\System32\Wbem;C:\WINDOWS\System32\WindowsPowerShell\v1.0\;C:\WINDOWS\System32\OpenSSH\;C:\Program Files\nodejs\;C:\Program Files\Bandizip\;D:\jogeunhyeong\jdk-17.0.12\bin\;C:\Users\ksmart\AppData\Local\Microsoft\WindowsApps;C:\Users\ksmart\AppData\Local\Programs\Microsoft VS Code\bin;C:\Users\ksmart\AppData\Roaming\npm;D:\gamepiece\sts-4.26.0.RELEASE;
USERNAME=ksmart
OS=Windows_NT
PROCESSOR_IDENTIFIER=Intel64 Family 6 Model 165 Stepping 3, GenuineIntel
TMP=C:\Users\ksmart\AppData\Local\Temp
TEMP=C:\Users\ksmart\AppData\Local\Temp




Periodic native trim disabled

---------------  S Y S T E M  ---------------

OS:
 Windows 10 , 64 bit Build 19041 (10.0.19041.5198)
OS uptime: 7 days 1:29 hours

CPU: total 12 (initial active 12) (6 cores per cpu, 2 threads per core) family 6 model 165 stepping 3 microcode 0xe0, cx8, cmov, fxsr, ht, mmx, 3dnowpref, sse, sse2, sse3, ssse3, sse4.1, sse4.2, popcnt, lzcnt, tsc, tscinvbit, avx, avx2, aes, erms, clmul, bmi1, bmi2, adx, fma, vzeroupper, clflush, clflushopt, rdtscp, f16c
Processor Information for all 12 processors :
  Max Mhz: 2904, Current Mhz: 2904, Mhz Limit: 2904

Memory: 4k page, system-wide physical 16196M (7051M free)
TotalPageFile size 18628M (AvailPageFile size 6908M)
current process WorkingSet (physical memory assigned to process): 269M, peak: 292M
current process commit charge ("private bytes"): 303M, peak: 365M

vm_info: OpenJDK 64-Bit Server VM (21.0.4+7-LTS) for windows-amd64 JRE (21.0.4+7-LTS), built on 2024-07-16T00:00:00Z by "admin" with MS VC++ 17.7 (VS2022)

END.
